[debug] [2024-02-08T11:23:14.169Z] ----------------------------------------------------------------------
[debug] [2024-02-08T11:23:14.172Z] Command:       C:\Program Files\nodejs\node.exe C:\Users\misir\AppData\Roaming\npm\node_modules\firebase-tools\lib\bin\firebase.js functions:shell
[debug] [2024-02-08T11:23:14.173Z] CLI Version:   13.2.1
[debug] [2024-02-08T11:23:14.173Z] Platform:      win32
[debug] [2024-02-08T11:23:14.173Z] Node Version:  v18.14.0
[debug] [2024-02-08T11:23:14.175Z] Time:          Thu Feb 08 2024 14:23:14 GMT+0300 (Arabian Standard Time)
[debug] [2024-02-08T11:23:14.175Z] ----------------------------------------------------------------------
[debug] 
[debug] [2024-02-08T11:23:14.314Z] > command requires scopes: ["email","openid","https://www.googleapis.com/auth/cloudplatformprojects.readonly","https://www.googleapis.com/auth/firebase","https://www.googleapis.com/auth/cloud-platform"]
[debug] [2024-02-08T11:23:14.315Z] > authorizing via signed-in user (yemkif15@yahoo.com)
[debug] [2024-02-08T11:23:14.315Z] [iam] checking project clone-18217 for permissions ["firebase.projects.get"]
[debug] [2024-02-08T11:23:14.317Z] > refreshing access token with scopes: []
[debug] [2024-02-08T11:23:14.320Z] >>> [apiv2][query] POST https://www.googleapis.com/oauth2/v3/token [none]
[debug] [2024-02-08T11:23:14.321Z] >>> [apiv2][body] POST https://www.googleapis.com/oauth2/v3/token [omitted]
[debug] [2024-02-08T11:23:15.373Z] <<< [apiv2][status] POST https://www.googleapis.com/oauth2/v3/token 200
[debug] [2024-02-08T11:23:15.373Z] <<< [apiv2][body] POST https://www.googleapis.com/oauth2/v3/token [omitted]
[debug] [2024-02-08T11:23:15.404Z] >>> [apiv2][query] POST https://cloudresourcemanager.googleapis.com/v1/projects/clone-18217:testIamPermissions [none]
[debug] [2024-02-08T11:23:15.404Z] >>> [apiv2][(partial)header] POST https://cloudresourcemanager.googleapis.com/v1/projects/clone-18217:testIamPermissions x-goog-quota-user=projects/clone-18217
[debug] [2024-02-08T11:23:15.405Z] >>> [apiv2][body] POST https://cloudresourcemanager.googleapis.com/v1/projects/clone-18217:testIamPermissions {"permissions":["firebase.projects.get"]}
[debug] [2024-02-08T11:23:16.815Z] <<< [apiv2][status] POST https://cloudresourcemanager.googleapis.com/v1/projects/clone-18217:testIamPermissions 200
[debug] [2024-02-08T11:23:16.815Z] <<< [apiv2][body] POST https://cloudresourcemanager.googleapis.com/v1/projects/clone-18217:testIamPermissions {"permissions":["firebase.projects.get"]}
[debug] [2024-02-08T11:23:16.824Z] [functions] Functions Emulator only supports listening on one address (127.0.0.1). Not listening on ::1
[debug] [2024-02-08T11:23:16.827Z] defaultcredentials: writing to file C:\Users\misir\AppData\Roaming\firebase\yemkif15_yahoo_com_application_default_credentials.json
[debug] [2024-02-08T11:23:16.830Z] DEBUG: Setting GAC to C:\Users\misir\AppData\Roaming\firebase\yemkif15_yahoo_com_application_default_credentials.json
[debug] [2024-02-08T11:23:16.830Z] >>> [apiv2][query] GET https://firebase.googleapis.com/v1beta1/projects/clone-18217/adminSdkConfig [none]
[debug] [2024-02-08T11:23:17.935Z] <<< [apiv2][status] GET https://firebase.googleapis.com/v1beta1/projects/clone-18217/adminSdkConfig 200
[debug] [2024-02-08T11:23:17.935Z] <<< [apiv2][body] GET https://firebase.googleapis.com/v1beta1/projects/clone-18217/adminSdkConfig {"projectId":"clone-18217","storageBucket":"clone-18217.appspot.com"}
[debug] [2024-02-08T11:23:17.969Z] [functions] Watching "C:\Users\misir\OneDrive\Desktop\Evangadi\Phase Four\Amazon-Clone\amazon-frontend\functions" for Cloud Functions...
[debug] [2024-02-08T11:23:17.976Z] Validating nodejs source
[debug] [2024-02-08T11:23:21.006Z] > [functions] package.json contents: {
  "name": "functions",
  "description": "Cloud Functions for Firebase",
  "scripts": {
    "serve": "firebase emulators:start --only functions",
    "shell": "firebase functions:shell",
    "start": "npm run shell",
    "deploy": "firebase deploy --only functions",
    "logs": "firebase functions:log"
  },
  "engines": {
    "node": "18"
  },
  "main": "index.js",
  "dependencies": {
    "cors": "^2.8.5",
    "dotenv": "^16.4.1",
    "express": "^4.18.2",
    "firebase-admin": "^11.8.0",
    "firebase-functions": "^4.3.1",
    "stripe": "^14.15.0"
  },
  "devDependencies": {
    "firebase-functions-test": "^3.1.0"
  },
  "private": true
}
[debug] [2024-02-08T11:23:21.007Z] Building nodejs source
[debug] [2024-02-08T11:23:21.007Z] Failed to find version of module node: reached end of search path C:\Users\misir\OneDrive\Desktop\Evangadi\Phase Four\Amazon-Clone\amazon-frontend\functions\node_modules
[info] +  functions: Using node@18 from host. 
[info] i  functions: Loaded environment variables from .env. 
[debug] [2024-02-08T11:23:21.015Z] Could not find functions.yaml. Must use http discovery
[debug] [2024-02-08T11:23:21.026Z] Found firebase-functions binary at 'C:\Users\misir\OneDrive\Desktop\Evangadi\Phase Four\Amazon-Clone\amazon-frontend\functions\node_modules\.bin\firebase-functions'
[info] Serving at port 8016

[debug] [2024-02-08T11:23:22.285Z] Got response from /__/functions.yaml {"endpoints":{"api":{"availableMemoryMb":null,"timeoutSeconds":null,"minInstances":null,"maxInstances":null,"ingressSettings":null,"concurrency":null,"serviceAccountEmail":null,"vpc":null,"platform":"gcfv2","labels":{},"httpsTrigger":{},"entryPoint":"api"}},"specVersion":"v1alpha1","requiredAPIs":[]}
[debug] [2024-02-08T11:23:22.330Z] [functions] Loaded functions definitions from source: api.
[debug] [2024-02-08T11:23:22.331Z] [functions[us-central1-api]] http function initialized (http://127.0.0.1:5000/clone-18217/us-central1/api).
[info] i  functions: Loaded functions: api 
[warn] !  functions: The following emulators are not running, calls to these services will affect production: firestore, database, pubsub, storage, eventarc 
[debug] [2024-02-08T11:25:52.608Z] DEBUG: File C:\Users\misir\OneDrive\Desktop\Evangadi\Phase Four\Amazon-Clone\amazon-frontend\functions\index.js changed, reloading triggers
[debug] [2024-02-08T11:25:53.615Z] Validating nodejs source
[debug] [2024-02-08T11:25:57.120Z] > [functions] package.json contents: {
  "name": "functions",
  "description": "Cloud Functions for Firebase",
  "scripts": {
    "serve": "firebase emulators:start --only functions",
    "shell": "firebase functions:shell",
    "start": "npm run shell",
    "deploy": "firebase deploy --only functions",
    "logs": "firebase functions:log"
  },
  "engines": {
    "node": "18"
  },
  "main": "index.js",
  "dependencies": {
    "cors": "^2.8.5",
    "dotenv": "^16.4.1",
    "express": "^4.18.2",
    "firebase-admin": "^11.8.0",
    "firebase-functions": "^4.3.1",
    "stripe": "^14.15.0"
  },
  "devDependencies": {
    "firebase-functions-test": "^3.1.0"
  },
  "private": true
}
[debug] [2024-02-08T11:25:57.121Z] Building nodejs source
[debug] [2024-02-08T11:25:57.121Z] Failed to find version of module node: reached end of search path C:\Users\misir\OneDrive\Desktop\Evangadi\Phase Four\Amazon-Clone\amazon-frontend\functions\node_modules
[info] +  functions: Using node@18 from host. 
[info] i  functions: Loaded environment variables from .env. 
[debug] [2024-02-08T11:25:57.125Z] Could not find functions.yaml. Must use http discovery
[debug] [2024-02-08T11:25:57.134Z] Found firebase-functions binary at 'C:\Users\misir\OneDrive\Desktop\Evangadi\Phase Four\Amazon-Clone\amazon-frontend\functions\node_modules\.bin\firebase-functions'
[info] Serving at port 8210

[debug] [2024-02-08T11:25:58.505Z] Got response from /__/functions.yaml {"endpoints":{"api":{"availableMemoryMb":null,"timeoutSeconds":null,"minInstances":null,"maxInstances":null,"ingressSettings":null,"concurrency":null,"serviceAccountEmail":null,"vpc":null,"platform":"gcfv2","labels":{},"httpsTrigger":{},"entryPoint":"api"}},"specVersion":"v1alpha1","requiredAPIs":[]}
[debug] [2024-02-08T11:25:58.542Z] [functions] Loaded functions definitions from source: api.
[debug] [2024-02-08T11:26:18.438Z] DEBUG: File C:\Users\misir\OneDrive\Desktop\Evangadi\Phase Four\Amazon-Clone\amazon-frontend\functions\index.js changed, reloading triggers
[debug] [2024-02-08T11:26:19.442Z] Validating nodejs source
[debug] [2024-02-08T11:26:23.221Z] > [functions] package.json contents: {
  "name": "functions",
  "description": "Cloud Functions for Firebase",
  "scripts": {
    "serve": "firebase emulators:start --only functions",
    "shell": "firebase functions:shell",
    "start": "npm run shell",
    "deploy": "firebase deploy --only functions",
    "logs": "firebase functions:log"
  },
  "engines": {
    "node": "18"
  },
  "main": "index.js",
  "dependencies": {
    "cors": "^2.8.5",
    "dotenv": "^16.4.1",
    "express": "^4.18.2",
    "firebase-admin": "^11.8.0",
    "firebase-functions": "^4.3.1",
    "stripe": "^14.15.0"
  },
  "devDependencies": {
    "firebase-functions-test": "^3.1.0"
  },
  "private": true
}
[debug] [2024-02-08T11:26:23.221Z] Building nodejs source
[debug] [2024-02-08T11:26:23.222Z] Failed to find version of module node: reached end of search path C:\Users\misir\OneDrive\Desktop\Evangadi\Phase Four\Amazon-Clone\amazon-frontend\functions\node_modules
[info] +  functions: Using node@18 from host. 
[info] i  functions: Loaded environment variables from .env. 
[debug] [2024-02-08T11:26:23.224Z] Could not find functions.yaml. Must use http discovery
[debug] [2024-02-08T11:26:23.237Z] Found firebase-functions binary at 'C:\Users\misir\OneDrive\Desktop\Evangadi\Phase Four\Amazon-Clone\amazon-frontend\functions\node_modules\.bin\firebase-functions'
[debug] [2024-02-08T11:26:23.263Z] DEBUG: File C:\Users\misir\OneDrive\Desktop\Evangadi\Phase Four\Amazon-Clone\amazon-frontend\functions\index.js changed, reloading triggers
[info] Serving at port 8882

[debug] [2024-02-08T11:26:24.274Z] Validating nodejs source
[debug] [2024-02-08T11:26:27.813Z] > [functions] package.json contents: {
  "name": "functions",
  "description": "Cloud Functions for Firebase",
  "scripts": {
    "serve": "firebase emulators:start --only functions",
    "shell": "firebase functions:shell",
    "start": "npm run shell",
    "deploy": "firebase deploy --only functions",
    "logs": "firebase functions:log"
  },
  "engines": {
    "node": "18"
  },
  "main": "index.js",
  "dependencies": {
    "cors": "^2.8.5",
    "dotenv": "^16.4.1",
    "express": "^4.18.2",
    "firebase-admin": "^11.8.0",
    "firebase-functions": "^4.3.1",
    "stripe": "^14.15.0"
  },
  "devDependencies": {
    "firebase-functions-test": "^3.1.0"
  },
  "private": true
}
[debug] [2024-02-08T11:26:27.816Z] Building nodejs source
[debug] [2024-02-08T11:26:27.816Z] Failed to find version of module node: reached end of search path C:\Users\misir\OneDrive\Desktop\Evangadi\Phase Four\Amazon-Clone\amazon-frontend\functions\node_modules
[info] +  functions: Using node@18 from host. 
[info] i  functions: Loaded environment variables from .env. 
[debug] [2024-02-08T11:26:27.820Z] Could not find functions.yaml. Must use http discovery
[debug] [2024-02-08T11:26:27.832Z] Found firebase-functions binary at 'C:\Users\misir\OneDrive\Desktop\Evangadi\Phase Four\Amazon-Clone\amazon-frontend\functions\node_modules\.bin\firebase-functions'
[debug] [2024-02-08T11:26:27.851Z] Got response from /__/functions.yaml {"endpoints":{"api":{"availableMemoryMb":null,"timeoutSeconds":null,"minInstances":null,"maxInstances":null,"ingressSettings":null,"concurrency":null,"serviceAccountEmail":null,"vpc":null,"platform":"gcfv2","labels":{},"httpsTrigger":{},"entryPoint":"api"}},"specVersion":"v1alpha1","requiredAPIs":[]}
[debug] [2024-02-08T11:26:27.909Z] [functions] Loaded functions definitions from source: api.
[info] Serving at port 8336

[debug] [2024-02-08T11:26:29.157Z] Got response from /__/functions.yaml {"endpoints":{"api":{"availableMemoryMb":null,"timeoutSeconds":null,"minInstances":null,"maxInstances":null,"ingressSettings":null,"concurrency":null,"serviceAccountEmail":null,"vpc":null,"platform":"gcfv2","labels":{},"httpsTrigger":{},"entryPoint":"api"}},"specVersion":"v1alpha1","requiredAPIs":[]}
[debug] [2024-02-08T11:26:29.202Z] [functions] Loaded functions definitions from source: api.
[debug] [2024-02-08T11:26:34.803Z] DEBUG: File C:\Users\misir\OneDrive\Desktop\Evangadi\Phase Four\Amazon-Clone\amazon-frontend\functions\index.js changed, reloading triggers
[debug] [2024-02-08T11:26:35.812Z] Validating nodejs source
[debug] [2024-02-08T11:26:39.901Z] > [functions] package.json contents: {
  "name": "functions",
  "description": "Cloud Functions for Firebase",
  "scripts": {
    "serve": "firebase emulators:start --only functions",
    "shell": "firebase functions:shell",
    "start": "npm run shell",
    "deploy": "firebase deploy --only functions",
    "logs": "firebase functions:log"
  },
  "engines": {
    "node": "18"
  },
  "main": "index.js",
  "dependencies": {
    "cors": "^2.8.5",
    "dotenv": "^16.4.1",
    "express": "^4.18.2",
    "firebase-admin": "^11.8.0",
    "firebase-functions": "^4.3.1",
    "stripe": "^14.15.0"
  },
  "devDependencies": {
    "firebase-functions-test": "^3.1.0"
  },
  "private": true
}
[debug] [2024-02-08T11:26:39.902Z] Building nodejs source
[debug] [2024-02-08T11:26:39.903Z] Failed to find version of module node: reached end of search path C:\Users\misir\OneDrive\Desktop\Evangadi\Phase Four\Amazon-Clone\amazon-frontend\functions\node_modules
[info] +  functions: Using node@18 from host. 
[info] i  functions: Loaded environment variables from .env. 
[debug] [2024-02-08T11:26:39.909Z] Could not find functions.yaml. Must use http discovery
[debug] [2024-02-08T11:26:39.923Z] Found firebase-functions binary at 'C:\Users\misir\OneDrive\Desktop\Evangadi\Phase Four\Amazon-Clone\amazon-frontend\functions\node_modules\.bin\firebase-functions'
[info] Serving at port 8048

[debug] [2024-02-08T11:26:41.090Z] Got response from /__/functions.yaml {"endpoints":{"api":{"availableMemoryMb":null,"timeoutSeconds":null,"minInstances":null,"maxInstances":null,"ingressSettings":null,"concurrency":null,"serviceAccountEmail":null,"vpc":null,"platform":"gcfv2","labels":{},"httpsTrigger":{},"entryPoint":"api"}},"specVersion":"v1alpha1","requiredAPIs":[]}
[debug] [2024-02-08T11:26:41.138Z] [functions] Loaded functions definitions from source: api.
